2025-11-13 15:57:00 - system - load_data - 0.0s - success: 数据文件不存在，返回空列表
2025-11-13 15:57:00 - system - save_data - 0.0s - success: 保存用户2个，商品0个，订单0个
2025-11-13 15:57:00 - system - _init_default_users - 0.0s - success: 初始化默认管理员账号
2025-11-13 15:57:43 - admin - login - 0.0s - success: admin登录
2025-11-13 15:57:48 - admin - get_all_products - 0.0s - success: 0个商品
2025-11-13 15:58:11 - system - save_data - 0.0s - success: 保存用户2个，商品1个，订单0个
2025-11-13 15:58:11 - admin - add_product - 0.0006s - success: P001
2025-11-13 15:58:12 - admin - get_all_products - 0.0s - success: 1个商品
2025-11-13 15:58:29 - system - save_data - 0.0s - success: 保存用户2个，商品1个，订单0个
2025-11-13 15:58:29 - admin - modify_product - 0.0007s - success: P001-price
2025-11-13 15:59:10 - system - save_data - 0.0s - success: 保存用户2个，商品1个，订单1个
2025-11-13 15:59:10 - admin - create_order - 0.0008s - success: O001
2025-11-13 15:59:16 - admin - get_order - 0.0s - success: O001
2025-11-13 15:59:16 - admin - get_all_products - 0.0s - success: 1个商品
2025-11-13 15:59:20 - admin - get_order_statistics - 0.0s - success: 1个分类
2025-11-13 15:59:27 - system - backup_data - 0.0s - success: 数据备份完成
2025-11-13 15:59:27 - admin - backup_system_data - 0.0009s - success
2025-11-13 15:59:34 - system - restore_data - 0.0s - success: 从备份恢复用户2个，商品1个，订单1个
2025-11-13 15:59:34 - system - save_data - 0.0s - success: 保存用户2个，商品1个，订单1个
2025-11-13 15:59:34 - admin - restore_system_data - 0.0071s - success
2025-11-13 15:59:38 - admin - get_recent_logs - 0.0004s - success: 10条
2025-11-13 15:59:44 - system - save_data - 0.0s - success: 保存用户2个，商品1个，订单1个
2025-11-13 15:59:44 - system - backup_data - 0.0s - success: 数据备份完成
2025-11-13 15:59:44 - admin - exit_system - 0.0013s - success: 数据保存+自动备份
2025-11-13 16:04:35 - system - load_data - 0.0s - success: 加载用户2个，商品1个，订单1个
2025-11-13 16:04:48 - admin - login - 0.0s - success: admin登录
2025-11-13 16:04:54 - admin - get_all_products - 0.0s - success: 1个商品
2025-11-13 16:05:00 - admin - get_recent_logs - 0.0004s - success: 10条
2025-11-13 16:05:14 - admin - get_recent_logs - 0.002s - success: 10条
2025-11-13 16:05:22 - admin - get_recent_logs - 0.0004s - success: 2条
2025-11-13 16:05:28 - admin - get_recent_logs - 0.0005s - success: 1条
2025-11-13 16:05:31 - admin - get_recent_logs - 0.0004s - success: 10条
2025-11-13 16:05:36 - admin - get_all_products - 0.0s - success: 1个商品
2025-11-13 16:05:48 - system - backup_data - 0.0s - success: 数据备份完成
2025-11-13 16:05:48 - admin - backup_system_data - 0.001s - success
2025-11-13 16:05:49 - admin - get_order_statistics - 0.0s - success: 1个分类
2025-11-13 16:06:15 - system - save_data - 0.0s - success: 保存用户2个，商品2个，订单1个
2025-11-13 16:06:15 - admin - add_product - 0.0007s - success: P002
2025-11-13 16:06:17 - admin - get_all_products - 0.0s - success: 2个商品
2025-11-13 16:06:39 - system - save_data - 0.0s - success: 保存用户2个，商品2个，订单2个
2025-11-13 16:06:39 - admin - create_order - 0.0009s - success: O002
2025-11-13 16:06:47 - admin - get_order_statistics - 0.0s - success: 2个分类
2025-11-13 16:06:52 - system - backup_data - 0.0s - success: 数据备份完成
2025-11-13 16:06:52 - admin - backup_system_data - 0.0011s - success
2025-11-13 16:27:58 - admin - get_recent_logs - 0.0004s - success: 10条
2025-11-13 16:29:32 - system - backup_data - 0.0s - success: 数据备份完成
2025-11-13 16:29:32 - admin - backup_system_data - 0.001s - success
2025-11-13 16:29:35 - system - restore_data - 0.0s - success: 从备份恢复用户2个，商品2个，订单2个
2025-11-13 16:29:35 - system - save_data - 0.0s - success: 保存用户2个，商品2个，订单2个
2025-11-13 16:29:35 - admin - restore_system_data - 0.0015s - success
2025-11-13 16:36:29 - admin - get_all_products - 0.0s - success: 2个商品
2025-11-13 16:42:42 - system - backup_data - 0.0s - success: 数据备份完成
2025-11-13 16:42:42 - admin - backup_system_data - 0.001s - success
2025-11-13 16:42:44 - system - save_data - 0.0s - success: 保存用户2个，商品2个，订单2个
2025-11-13 16:42:44 - system - backup_data - 0.0s - success: 数据备份完成
2025-11-13 16:42:44 - admin - exit_system - 0.0013s - success: 数据保存+自动备份
2025-11-13 16:43:17 - system - load_data - 0.0s - success: 加载用户2个，商品2个，订单2个
2025-11-13 16:43:26 - anonymous - login - 0.0s - fail: 用户名不存在
2025-11-13 16:43:52 - anonymous - login - 0.0s - fail: 用户名不存在
2025-11-13 16:44:17 - anonymous - login - 0.0s - fail: 用户名不存在
2025-11-13 16:44:18 - anonymous - login - 0.0s - fail: 用户名不存在
2025-11-13 16:44:20 - anonymous - login - 0.0s - fail: 用户名不存在
2025-11-13 16:44:21 - anonymous - login - 0.0s - fail: 用户名不存在
2025-11-13 16:44:23 - anonymous - login - 0.0s - fail: 用户名不存在
2025-11-13 16:44:24 - anonymous - login - 0.0s - fail: 用户名不存在
2025-11-13 16:44:43 - system - load_data - 0.0s - success: 加载用户2个，商品2个，订单2个
2025-11-13 16:44:51 - anonymous - login - 0.0s - fail: 用户名不存在
2025-11-13 16:51:34 - system - load_data - 0.0s - success: 加载用户2个，商品2个，订单2个
2025-11-13 16:52:07 - system - load_data - 0.0s - success: 加载用户2个，商品2个，订单2个
2025-11-13 16:52:14 - anonymous - login - 0.0s - fail: 密码错误，剩余2次
2025-11-13 16:52:19 - lsl - login - 0.0s - success: lsl登录
2025-11-13 16:54:22 - system - load_data - 0.0s - success: 加载用户2个，商品2个，订单2个
2025-11-13 16:54:31 - lsl - login - 0.0s - success: lsl登录
2025-11-13 16:54:49 - system - save_data - 0.0s - success: 保存用户2个，商品2个，订单2个
2025-11-13 16:54:49 - lisulin - modify_user - 0.0009s - success: lsl修改为lisulin
2025-11-13 16:54:52 - system - save_data - 0.0s - success: 保存用户2个，商品2个，订单2个
2025-11-13 16:54:52 - system - backup_data - 0.0s - success: 数据备份完成
2025-11-13 16:54:52 - lisulin - exit_system - 0.0017s - success: 数据保存+自动备份
2025-11-13 16:55:44 - system - load_data - 0.0s - success: 加载用户2个，商品2个，订单2个
2025-11-13 16:57:51 - system - load_data - 0.0s - success: 加载用户2个，商品2个，订单2个
2025-11-13 16:58:03 - lisulin - login - 0.0s - success: lisulin登录
2025-11-13 16:58:17 - system - load_data - 0.0s - success: 加载用户2个，商品2个，订单2个
2025-11-13 16:58:26 - lisulin - login - 0.0s - success: lisulin登录
2025-11-13 16:58:57 - system - load_data - 0.0s - success: 加载用户2个，商品2个，订单2个
2025-11-13 16:59:09 - lisulin - login - 0.0s - success: lisulin登录
2025-11-13 16:59:15 - lisulin - get_all_products - 0.0s - success: 2个商品
2025-11-13 16:59:22 - lisulin - get_order - 0.0s - success: O001
2025-11-13 16:59:22 - lisulin - get_all_products - 0.0s - success: 2个商品
2025-11-13 16:59:27 - lisulin - get_order - 0.0s - fail: O不存在
2025-11-13 16:59:27 - lisulin - get_all_products - 0.0s - success: 2个商品
2025-11-13 16:59:29 - lisulin - get_order - 0.0s - fail: O不存在
2025-11-13 16:59:29 - lisulin - get_all_products - 0.0s - success: 2个商品
2025-11-13 16:59:30 - lisulin - get_order - 0.0s - fail: O不存在
2025-11-13 16:59:30 - lisulin - get_all_products - 0.0s - success: 2个商品
2025-11-13 16:59:33 - lisulin - get_order - 0.0s - success: O002
2025-11-13 16:59:33 - lisulin - get_all_products - 0.0s - success: 2个商品
